2015/01/30 18:57:13 [error] [exception.CDbException] exception 'CDbException' with message 'The table "cruge_session" for active record class "CrugeSession" cannot be found in the database.' in C:\xampp\htdocs\yii\framework\db\ar\CActiveRecord.php:2385
Stack trace:
#0 C:\xampp\htdocs\yii\framework\db\ar\CActiveRecord.php(411): CActiveRecordMetaData->__construct(Object(CrugeSession))
#1 C:\xampp\htdocs\yii\framework\db\ar\CActiveRecord.php(661): CActiveRecord->getMetaData()
#2 C:\xampp\htdocs\yii\framework\db\ar\CActiveRecord.php(1490): CActiveRecord->getTableSchema()
#3 C:\xampp\htdocs\yii\antumalen\protected\modules\cruge\models\data\CrugeSession.php(90): CActiveRecord->findByPk('0')
#4 C:\xampp\htdocs\yii\antumalen\protected\modules\cruge\components\CrugeFactory.php(46): CrugeSession::loadModel('0')
#5 C:\xampp\htdocs\yii\antumalen\protected\modules\cruge\components\CrugeUserManager.php(412): CrugeFactory->getICrugeSession('0')
#6 C:\xampp\htdocs\yii\antumalen\protected\modules\cruge\components\CrugeWebUser.php(451): CrugeUserManager->loadSession('0')
#7 C:\xampp\htdocs\yii\antumalen\protected\modules\cruge\components\CrugeWebUser.php(229): CrugeWebUser->getICrugeSession()
#8 C:\xampp\htdocs\yii\antumalen\protected\modules\cruge\components\CrugeWebUser.php(242): CrugeWebUser->getId()
#9 C:\xampp\htdocs\yii\framework\web\auth\CWebUser.php(200): CrugeWebUser->getIsGuest()
#10 C:\xampp\htdocs\yii\antumalen\protected\modules\cruge\components\CrugeWebUser.php(45): CWebUser->init()
#11 C:\xampp\htdocs\yii\framework\base\CModule.php(394): CrugeWebUser->init()
#12 C:\xampp\htdocs\yii\framework\base\CModule.php(103): CModule->getComponent('user')
#13 C:\xampp\htdocs\yii\antumalen\protected\views\layouts\main.php(36): CModule->__get('user')
#14 C:\xampp\htdocs\yii\framework\web\CBaseController.php(126): require('C:\\xampp\\htdocs...')
#15 C:\xampp\htdocs\yii\framework\web\CBaseController.php(95): CBaseController->renderInternal('C:\\xampp\\htdocs...', Array, true)
#16 C:\xampp\htdocs\yii\framework\web\widgets\CContentDecorator.php(76): CBaseController->renderFile('C:\\xampp\\htdocs...', Array, true)
#17 C:\xampp\htdocs\yii\framework\web\widgets\CContentDecorator.php(54): CContentDecorator->decorate('<div id="conten...')
#18 C:\xampp\htdocs\yii\framework\web\widgets\COutputProcessor.php(44): CContentDecorator->processOutput('<div id="conten...')
#19 C:\xampp\htdocs\yii\framework\web\CBaseController.php(214): COutputProcessor->run()
#20 C:\xampp\htdocs\yii\framework\web\CBaseController.php(308): CBaseController->endWidget('CContentDecorat...')
#21 C:\xampp\htdocs\yii\antumalen\protected\views\layouts\column1.php(6): CBaseController->endContent()
#22 C:\xampp\htdocs\yii\framework\web\CBaseController.php(126): require('C:\\xampp\\htdocs...')
#23 C:\xampp\htdocs\yii\framework\web\CBaseController.php(95): CBaseController->renderInternal('C:\\xampp\\htdocs...', Array, true)
#24 C:\xampp\htdocs\yii\framework\web\CController.php(784): CBaseController->renderFile('C:\\xampp\\htdocs...', Array, true)
#25 C:\xampp\htdocs\yii\antumalen\protected\controllers\SiteController.php(32): CController->render('index')
#26 C:\xampp\htdocs\yii\framework\web\actions\CInlineAction.php(49): SiteController->actionIndex()
#27 C:\xampp\htdocs\yii\framework\web\CController.php(308): CInlineAction->runWithParams(Array)
#28 C:\xampp\htdocs\yii\framework\web\CController.php(286): CController->runAction(Object(CInlineAction))
#29 C:\xampp\htdocs\yii\framework\web\CController.php(265): CController->runActionWithFilters(Object(CInlineAction), Array)
#30 C:\xampp\htdocs\yii\framework\web\CWebApplication.php(282): CController->run('')
#31 C:\xampp\htdocs\yii\framework\web\CWebApplication.php(141): CWebApplication->runController('')
#32 C:\xampp\htdocs\yii\framework\base\CApplication.php(184): CWebApplication->processRequest()
#33 C:\xampp\htdocs\yii\antumalen\index.php(13): CApplication->run()
#34 {main}
REQUEST_URI=/yii/antumalen/
---
2015/01/30 18:59:50 [error] [exception.CDbException] exception 'CDbException' with message 'The table "cruge_session" for active record class "CrugeSession" cannot be found in the database.' in C:\xampp\htdocs\yii\framework\db\ar\CActiveRecord.php:2385
Stack trace:
#0 C:\xampp\htdocs\yii\framework\db\ar\CActiveRecord.php(411): CActiveRecordMetaData->__construct(Object(CrugeSession))
#1 C:\xampp\htdocs\yii\framework\db\ar\CActiveRecord.php(661): CActiveRecord->getMetaData()
#2 C:\xampp\htdocs\yii\framework\db\ar\CActiveRecord.php(1490): CActiveRecord->getTableSchema()
#3 C:\xampp\htdocs\yii\antumalen\protected\modules\cruge\models\data\CrugeSession.php(90): CActiveRecord->findByPk('0')
#4 C:\xampp\htdocs\yii\antumalen\protected\modules\cruge\components\CrugeFactory.php(46): CrugeSession::loadModel('0')
#5 C:\xampp\htdocs\yii\antumalen\protected\modules\cruge\components\CrugeUserManager.php(412): CrugeFactory->getICrugeSession('0')
#6 C:\xampp\htdocs\yii\antumalen\protected\modules\cruge\components\CrugeWebUser.php(451): CrugeUserManager->loadSession('0')
#7 C:\xampp\htdocs\yii\antumalen\protected\modules\cruge\components\CrugeWebUser.php(229): CrugeWebUser->getICrugeSession()
#8 C:\xampp\htdocs\yii\antumalen\protected\modules\cruge\components\CrugeWebUser.php(242): CrugeWebUser->getId()
#9 C:\xampp\htdocs\yii\framework\web\auth\CWebUser.php(200): CrugeWebUser->getIsGuest()
#10 C:\xampp\htdocs\yii\antumalen\protected\modules\cruge\components\CrugeWebUser.php(45): CWebUser->init()
#11 C:\xampp\htdocs\yii\framework\base\CModule.php(394): CrugeWebUser->init()
#12 C:\xampp\htdocs\yii\framework\base\CModule.php(103): CModule->getComponent('user')
#13 C:\xampp\htdocs\yii\antumalen\protected\views\layouts\main.php(36): CModule->__get('user')
#14 C:\xampp\htdocs\yii\framework\web\CBaseController.php(126): require('C:\\xampp\\htdocs...')
#15 C:\xampp\htdocs\yii\framework\web\CBaseController.php(95): CBaseController->renderInternal('C:\\xampp\\htdocs...', Array, true)
#16 C:\xampp\htdocs\yii\framework\web\widgets\CContentDecorator.php(76): CBaseController->renderFile('C:\\xampp\\htdocs...', Array, true)
#17 C:\xampp\htdocs\yii\framework\web\widgets\CContentDecorator.php(54): CContentDecorator->decorate('<div id="conten...')
#18 C:\xampp\htdocs\yii\framework\web\widgets\COutputProcessor.php(44): CContentDecorator->processOutput('<div id="conten...')
#19 C:\xampp\htdocs\yii\framework\web\CBaseController.php(214): COutputProcessor->run()
#20 C:\xampp\htdocs\yii\framework\web\CBaseController.php(308): CBaseController->endWidget('CContentDecorat...')
#21 C:\xampp\htdocs\yii\antumalen\protected\views\layouts\column1.php(6): CBaseController->endContent()
#22 C:\xampp\htdocs\yii\framework\web\CBaseController.php(126): require('C:\\xampp\\htdocs...')
#23 C:\xampp\htdocs\yii\framework\web\CBaseController.php(95): CBaseController->renderInternal('C:\\xampp\\htdocs...', Array, true)
#24 C:\xampp\htdocs\yii\framework\web\CController.php(784): CBaseController->renderFile('C:\\xampp\\htdocs...', Array, true)
#25 C:\xampp\htdocs\yii\antumalen\protected\controllers\SiteController.php(32): CController->render('index')
#26 C:\xampp\htdocs\yii\framework\web\actions\CInlineAction.php(49): SiteController->actionIndex()
#27 C:\xampp\htdocs\yii\framework\web\CController.php(308): CInlineAction->runWithParams(Array)
#28 C:\xampp\htdocs\yii\framework\web\CController.php(286): CController->runAction(Object(CInlineAction))
#29 C:\xampp\htdocs\yii\framework\web\CController.php(265): CController->runActionWithFilters(Object(CInlineAction), Array)
#30 C:\xampp\htdocs\yii\framework\web\CWebApplication.php(282): CController->run('')
#31 C:\xampp\htdocs\yii\framework\web\CWebApplication.php(141): CWebApplication->runController('')
#32 C:\xampp\htdocs\yii\framework\base\CApplication.php(184): CWebApplication->processRequest()
#33 C:\xampp\htdocs\yii\antumalen\index.php(13): CApplication->run()
#34 {main}
REQUEST_URI=/yii/antumalen/
---
2015/01/30 18:59:51 [error] [exception.CDbException] exception 'CDbException' with message 'The table "cruge_session" for active record class "CrugeSession" cannot be found in the database.' in C:\xampp\htdocs\yii\framework\db\ar\CActiveRecord.php:2385
Stack trace:
#0 C:\xampp\htdocs\yii\framework\db\ar\CActiveRecord.php(411): CActiveRecordMetaData->__construct(Object(CrugeSession))
#1 C:\xampp\htdocs\yii\framework\db\ar\CActiveRecord.php(661): CActiveRecord->getMetaData()
#2 C:\xampp\htdocs\yii\framework\db\ar\CActiveRecord.php(1490): CActiveRecord->getTableSchema()
#3 C:\xampp\htdocs\yii\antumalen\protected\modules\cruge\models\data\CrugeSession.php(90): CActiveRecord->findByPk('0')
#4 C:\xampp\htdocs\yii\antumalen\protected\modules\cruge\components\CrugeFactory.php(46): CrugeSession::loadModel('0')
#5 C:\xampp\htdocs\yii\antumalen\protected\modules\cruge\components\CrugeUserManager.php(412): CrugeFactory->getICrugeSession('0')
#6 C:\xampp\htdocs\yii\antumalen\protected\modules\cruge\components\CrugeWebUser.php(451): CrugeUserManager->loadSession('0')
#7 C:\xampp\htdocs\yii\antumalen\protected\modules\cruge\components\CrugeWebUser.php(229): CrugeWebUser->getICrugeSession()
#8 C:\xampp\htdocs\yii\antumalen\protected\modules\cruge\components\CrugeWebUser.php(242): CrugeWebUser->getId()
#9 C:\xampp\htdocs\yii\framework\web\auth\CWebUser.php(200): CrugeWebUser->getIsGuest()
#10 C:\xampp\htdocs\yii\antumalen\protected\modules\cruge\components\CrugeWebUser.php(45): CWebUser->init()
#11 C:\xampp\htdocs\yii\framework\base\CModule.php(394): CrugeWebUser->init()
#12 C:\xampp\htdocs\yii\framework\base\CModule.php(103): CModule->getComponent('user')
#13 C:\xampp\htdocs\yii\antumalen\protected\views\layouts\main.php(36): CModule->__get('user')
#14 C:\xampp\htdocs\yii\framework\web\CBaseController.php(126): require('C:\\xampp\\htdocs...')
#15 C:\xampp\htdocs\yii\framework\web\CBaseController.php(95): CBaseController->renderInternal('C:\\xampp\\htdocs...', Array, true)
#16 C:\xampp\htdocs\yii\framework\web\widgets\CContentDecorator.php(76): CBaseController->renderFile('C:\\xampp\\htdocs...', Array, true)
#17 C:\xampp\htdocs\yii\framework\web\widgets\CContentDecorator.php(54): CContentDecorator->decorate('<div id="conten...')
#18 C:\xampp\htdocs\yii\framework\web\widgets\COutputProcessor.php(44): CContentDecorator->processOutput('<div id="conten...')
#19 C:\xampp\htdocs\yii\framework\web\CBaseController.php(214): COutputProcessor->run()
#20 C:\xampp\htdocs\yii\framework\web\CBaseController.php(308): CBaseController->endWidget('CContentDecorat...')
#21 C:\xampp\htdocs\yii\antumalen\protected\views\layouts\column1.php(6): CBaseController->endContent()
#22 C:\xampp\htdocs\yii\framework\web\CBaseController.php(126): require('C:\\xampp\\htdocs...')
#23 C:\xampp\htdocs\yii\framework\web\CBaseController.php(95): CBaseController->renderInternal('C:\\xampp\\htdocs...', Array, true)
#24 C:\xampp\htdocs\yii\framework\web\CController.php(784): CBaseController->renderFile('C:\\xampp\\htdocs...', Array, true)
#25 C:\xampp\htdocs\yii\antumalen\protected\controllers\SiteController.php(32): CController->render('index')
#26 C:\xampp\htdocs\yii\framework\web\actions\CInlineAction.php(49): SiteController->actionIndex()
#27 C:\xampp\htdocs\yii\framework\web\CController.php(308): CInlineAction->runWithParams(Array)
#28 C:\xampp\htdocs\yii\framework\web\CController.php(286): CController->runAction(Object(CInlineAction))
#29 C:\xampp\htdocs\yii\framework\web\CController.php(265): CController->runActionWithFilters(Object(CInlineAction), Array)
#30 C:\xampp\htdocs\yii\framework\web\CWebApplication.php(282): CController->run('')
#31 C:\xampp\htdocs\yii\framework\web\CWebApplication.php(141): CWebApplication->runController('')
#32 C:\xampp\htdocs\yii\framework\base\CApplication.php(184): CWebApplication->processRequest()
#33 C:\xampp\htdocs\yii\antumalen\index.php(13): CApplication->run()
#34 {main}
REQUEST_URI=/yii/antumalen/
---
2015/01/30 18:59:53 [error] [exception.CDbException] exception 'CDbException' with message 'The table "cruge_session" for active record class "CrugeSession" cannot be found in the database.' in C:\xampp\htdocs\yii\framework\db\ar\CActiveRecord.php:2385
Stack trace:
#0 C:\xampp\htdocs\yii\framework\db\ar\CActiveRecord.php(411): CActiveRecordMetaData->__construct(Object(CrugeSession))
#1 C:\xampp\htdocs\yii\framework\db\ar\CActiveRecord.php(661): CActiveRecord->getMetaData()
#2 C:\xampp\htdocs\yii\framework\db\ar\CActiveRecord.php(1490): CActiveRecord->getTableSchema()
#3 C:\xampp\htdocs\yii\antumalen\protected\modules\cruge\models\data\CrugeSession.php(90): CActiveRecord->findByPk('0')
#4 C:\xampp\htdocs\yii\antumalen\protected\modules\cruge\components\CrugeFactory.php(46): CrugeSession::loadModel('0')
#5 C:\xampp\htdocs\yii\antumalen\protected\modules\cruge\components\CrugeUserManager.php(412): CrugeFactory->getICrugeSession('0')
#6 C:\xampp\htdocs\yii\antumalen\protected\modules\cruge\components\CrugeWebUser.php(451): CrugeUserManager->loadSession('0')
#7 C:\xampp\htdocs\yii\antumalen\protected\modules\cruge\components\CrugeWebUser.php(229): CrugeWebUser->getICrugeSession()
#8 C:\xampp\htdocs\yii\antumalen\protected\modules\cruge\components\CrugeWebUser.php(242): CrugeWebUser->getId()
#9 C:\xampp\htdocs\yii\framework\web\auth\CWebUser.php(200): CrugeWebUser->getIsGuest()
#10 C:\xampp\htdocs\yii\antumalen\protected\modules\cruge\components\CrugeWebUser.php(45): CWebUser->init()
#11 C:\xampp\htdocs\yii\framework\base\CModule.php(394): CrugeWebUser->init()
#12 C:\xampp\htdocs\yii\framework\base\CModule.php(103): CModule->getComponent('user')
#13 C:\xampp\htdocs\yii\antumalen\protected\views\layouts\main.php(36): CModule->__get('user')
#14 C:\xampp\htdocs\yii\framework\web\CBaseController.php(126): require('C:\\xampp\\htdocs...')
#15 C:\xampp\htdocs\yii\framework\web\CBaseController.php(95): CBaseController->renderInternal('C:\\xampp\\htdocs...', Array, true)
#16 C:\xampp\htdocs\yii\framework\web\widgets\CContentDecorator.php(76): CBaseController->renderFile('C:\\xampp\\htdocs...', Array, true)
#17 C:\xampp\htdocs\yii\framework\web\widgets\CContentDecorator.php(54): CContentDecorator->decorate('<div id="conten...')
#18 C:\xampp\htdocs\yii\framework\web\widgets\COutputProcessor.php(44): CContentDecorator->processOutput('<div id="conten...')
#19 C:\xampp\htdocs\yii\framework\web\CBaseController.php(214): COutputProcessor->run()
#20 C:\xampp\htdocs\yii\framework\web\CBaseController.php(308): CBaseController->endWidget('CContentDecorat...')
#21 C:\xampp\htdocs\yii\antumalen\protected\views\layouts\column1.php(6): CBaseController->endContent()
#22 C:\xampp\htdocs\yii\framework\web\CBaseController.php(126): require('C:\\xampp\\htdocs...')
#23 C:\xampp\htdocs\yii\framework\web\CBaseController.php(95): CBaseController->renderInternal('C:\\xampp\\htdocs...', Array, true)
#24 C:\xampp\htdocs\yii\framework\web\CController.php(784): CBaseController->renderFile('C:\\xampp\\htdocs...', Array, true)
#25 C:\xampp\htdocs\yii\antumalen\protected\controllers\SiteController.php(32): CController->render('index')
#26 C:\xampp\htdocs\yii\framework\web\actions\CInlineAction.php(49): SiteController->actionIndex()
#27 C:\xampp\htdocs\yii\framework\web\CController.php(308): CInlineAction->runWithParams(Array)
#28 C:\xampp\htdocs\yii\framework\web\CController.php(286): CController->runAction(Object(CInlineAction))
#29 C:\xampp\htdocs\yii\framework\web\CController.php(265): CController->runActionWithFilters(Object(CInlineAction), Array)
#30 C:\xampp\htdocs\yii\framework\web\CWebApplication.php(282): CController->run('')
#31 C:\xampp\htdocs\yii\framework\web\CWebApplication.php(141): CWebApplication->runController('')
#32 C:\xampp\htdocs\yii\framework\base\CApplication.php(184): CWebApplication->processRequest()
#33 C:\xampp\htdocs\yii\antumalen\index.php(13): CApplication->run()
#34 {main}
REQUEST_URI=/yii/antumalen/
---
2015/01/30 19:00:14 [error] [exception.CDbException] exception 'CDbException' with message 'The table "cruge_session" for active record class "CrugeSession" cannot be found in the database.' in C:\xampp\htdocs\yii\framework\db\ar\CActiveRecord.php:2385
Stack trace:
#0 C:\xampp\htdocs\yii\framework\db\ar\CActiveRecord.php(411): CActiveRecordMetaData->__construct(Object(CrugeSession))
#1 C:\xampp\htdocs\yii\framework\db\ar\CActiveRecord.php(661): CActiveRecord->getMetaData()
#2 C:\xampp\htdocs\yii\framework\db\ar\CActiveRecord.php(1490): CActiveRecord->getTableSchema()
#3 C:\xampp\htdocs\yii\antumalen\protected\modules\cruge\models\data\CrugeSession.php(90): CActiveRecord->findByPk('0')
#4 C:\xampp\htdocs\yii\antumalen\protected\modules\cruge\components\CrugeFactory.php(46): CrugeSession::loadModel('0')
#5 C:\xampp\htdocs\yii\antumalen\protected\modules\cruge\components\CrugeUserManager.php(412): CrugeFactory->getICrugeSession('0')
#6 C:\xampp\htdocs\yii\antumalen\protected\modules\cruge\components\CrugeWebUser.php(451): CrugeUserManager->loadSession('0')
#7 C:\xampp\htdocs\yii\antumalen\protected\modules\cruge\components\CrugeWebUser.php(229): CrugeWebUser->getICrugeSession()
#8 C:\xampp\htdocs\yii\antumalen\protected\modules\cruge\components\CrugeWebUser.php(242): CrugeWebUser->getId()
#9 C:\xampp\htdocs\yii\framework\web\auth\CWebUser.php(200): CrugeWebUser->getIsGuest()
#10 C:\xampp\htdocs\yii\antumalen\protected\modules\cruge\components\CrugeWebUser.php(45): CWebUser->init()
#11 C:\xampp\htdocs\yii\framework\base\CModule.php(394): CrugeWebUser->init()
#12 C:\xampp\htdocs\yii\framework\base\CModule.php(103): CModule->getComponent('user')
#13 C:\xampp\htdocs\yii\antumalen\protected\views\layouts\main.php(36): CModule->__get('user')
#14 C:\xampp\htdocs\yii\framework\web\CBaseController.php(126): require('C:\\xampp\\htdocs...')
#15 C:\xampp\htdocs\yii\framework\web\CBaseController.php(95): CBaseController->renderInternal('C:\\xampp\\htdocs...', Array, true)
#16 C:\xampp\htdocs\yii\framework\web\widgets\CContentDecorator.php(76): CBaseController->renderFile('C:\\xampp\\htdocs...', Array, true)
#17 C:\xampp\htdocs\yii\framework\web\widgets\CContentDecorator.php(54): CContentDecorator->decorate('<div id="conten...')
#18 C:\xampp\htdocs\yii\framework\web\widgets\COutputProcessor.php(44): CContentDecorator->processOutput('<div id="conten...')
#19 C:\xampp\htdocs\yii\framework\web\CBaseController.php(214): COutputProcessor->run()
#20 C:\xampp\htdocs\yii\framework\web\CBaseController.php(308): CBaseController->endWidget('CContentDecorat...')
#21 C:\xampp\htdocs\yii\antumalen\protected\views\layouts\column1.php(6): CBaseController->endContent()
#22 C:\xampp\htdocs\yii\framework\web\CBaseController.php(126): require('C:\\xampp\\htdocs...')
#23 C:\xampp\htdocs\yii\framework\web\CBaseController.php(95): CBaseController->renderInternal('C:\\xampp\\htdocs...', Array, true)
#24 C:\xampp\htdocs\yii\framework\web\CController.php(784): CBaseController->renderFile('C:\\xampp\\htdocs...', Array, true)
#25 C:\xampp\htdocs\yii\antumalen\protected\controllers\SiteController.php(32): CController->render('index')
#26 C:\xampp\htdocs\yii\framework\web\actions\CInlineAction.php(49): SiteController->actionIndex()
#27 C:\xampp\htdocs\yii\framework\web\CController.php(308): CInlineAction->runWithParams(Array)
#28 C:\xampp\htdocs\yii\framework\web\CController.php(286): CController->runAction(Object(CInlineAction))
#29 C:\xampp\htdocs\yii\framework\web\CController.php(265): CController->runActionWithFilters(Object(CInlineAction), Array)
#30 C:\xampp\htdocs\yii\framework\web\CWebApplication.php(282): CController->run('')
#31 C:\xampp\htdocs\yii\framework\web\CWebApplication.php(141): CWebApplication->runController('')
#32 C:\xampp\htdocs\yii\framework\base\CApplication.php(184): CWebApplication->processRequest()
#33 C:\xampp\htdocs\yii\antumalen\index.php(13): CApplication->run()
#34 {main}
REQUEST_URI=/yii/antumalen/
---
2015/01/30 19:01:53 [error] [exception.CDbException] exception 'CDbException' with message 'CDbConnection failed to open the DB connection: SQLSTATE[HY000] [1045] Access denied for user 'root'@'localhost' (using password: YES)' in C:\xampp\htdocs\yii\framework\db\CDbConnection.php:399
Stack trace:
#0 C:\xampp\htdocs\yii\framework\db\CDbConnection.php(347): CDbConnection->open()
#1 C:\xampp\htdocs\yii\framework\db\CDbConnection.php(325): CDbConnection->setActive(true)
#2 C:\xampp\htdocs\yii\framework\base\CModule.php(394): CDbConnection->init()
#3 C:\xampp\htdocs\yii\framework\base\CApplication.php(458): CModule->getComponent('db')
#4 C:\xampp\htdocs\yii\framework\db\ar\CActiveRecord.php(637): CApplication->getDb()
#5 C:\xampp\htdocs\yii\framework\db\ar\CActiveRecord.php(1433): CActiveRecord->getDbConnection()
#6 C:\xampp\htdocs\yii\framework\db\ar\CActiveRecord.php(1489): CActiveRecord->getTableAlias(true)
#7 C:\xampp\htdocs\yii\antumalen\protected\modules\cruge\models\data\CrugeSession.php(90): CActiveRecord->findByPk('0')
#8 C:\xampp\htdocs\yii\antumalen\protected\modules\cruge\components\CrugeFactory.php(46): CrugeSession::loadModel('0')
#9 C:\xampp\htdocs\yii\antumalen\protected\modules\cruge\components\CrugeUserManager.php(412): CrugeFactory->getICrugeSession('0')
#10 C:\xampp\htdocs\yii\antumalen\protected\modules\cruge\components\CrugeWebUser.php(451): CrugeUserManager->loadSession('0')
#11 C:\xampp\htdocs\yii\antumalen\protected\modules\cruge\components\CrugeWebUser.php(229): CrugeWebUser->getICrugeSession()
#12 C:\xampp\htdocs\yii\antumalen\protected\modules\cruge\components\CrugeWebUser.php(242): CrugeWebUser->getId()
#13 C:\xampp\htdocs\yii\framework\web\auth\CWebUser.php(200): CrugeWebUser->getIsGuest()
#14 C:\xampp\htdocs\yii\antumalen\protected\modules\cruge\components\CrugeWebUser.php(45): CWebUser->init()
#15 C:\xampp\htdocs\yii\framework\base\CModule.php(394): CrugeWebUser->init()
#16 C:\xampp\htdocs\yii\framework\base\CModule.php(103): CModule->getComponent('user')
#17 C:\xampp\htdocs\yii\antumalen\protected\views\layouts\main.php(36): CModule->__get('user')
#18 C:\xampp\htdocs\yii\framework\web\CBaseController.php(126): require('C:\\xampp\\htdocs...')
#19 C:\xampp\htdocs\yii\framework\web\CBaseController.php(95): CBaseController->renderInternal('C:\\xampp\\htdocs...', Array, true)
#20 C:\xampp\htdocs\yii\framework\web\widgets\CContentDecorator.php(76): CBaseController->renderFile('C:\\xampp\\htdocs...', Array, true)
#21 C:\xampp\htdocs\yii\framework\web\widgets\CContentDecorator.php(54): CContentDecorator->decorate('<div id="conten...')
#22 C:\xampp\htdocs\yii\framework\web\widgets\COutputProcessor.php(44): CContentDecorator->processOutput('<div id="conten...')
#23 C:\xampp\htdocs\yii\framework\web\CBaseController.php(214): COutputProcessor->run()
#24 C:\xampp\htdocs\yii\framework\web\CBaseController.php(308): CBaseController->endWidget('CContentDecorat...')
#25 C:\xampp\htdocs\yii\antumalen\protected\views\layouts\column1.php(6): CBaseController->endContent()
#26 C:\xampp\htdocs\yii\framework\web\CBaseController.php(126): require('C:\\xampp\\htdocs...')
#27 C:\xampp\htdocs\yii\framework\web\CBaseController.php(95): CBaseController->renderInternal('C:\\xampp\\htdocs...', Array, true)
#28 C:\xampp\htdocs\yii\framework\web\CController.php(784): CBaseController->renderFile('C:\\xampp\\htdocs...', Array, true)
#29 C:\xampp\htdocs\yii\antumalen\protected\controllers\SiteController.php(32): CController->render('index')
#30 C:\xampp\htdocs\yii\framework\web\actions\CInlineAction.php(49): SiteController->actionIndex()
#31 C:\xampp\htdocs\yii\framework\web\CController.php(308): CInlineAction->runWithParams(Array)
#32 C:\xampp\htdocs\yii\framework\web\CController.php(286): CController->runAction(Object(CInlineAction))
#33 C:\xampp\htdocs\yii\framework\web\CController.php(265): CController->runActionWithFilters(Object(CInlineAction), Array)
#34 C:\xampp\htdocs\yii\framework\web\CWebApplication.php(282): CController->run('')
#35 C:\xampp\htdocs\yii\framework\web\CWebApplication.php(141): CWebApplication->runController('')
#36 C:\xampp\htdocs\yii\framework\base\CApplication.php(184): CWebApplication->processRequest()
#37 C:\xampp\htdocs\yii\antumalen\index.php(13): CApplication->run()
#38 {main}
REQUEST_URI=/yii/antumalen/
---
2015/01/30 19:01:54 [error] [exception.CDbException] exception 'CDbException' with message 'CDbConnection failed to open the DB connection: SQLSTATE[HY000] [1045] Access denied for user 'root'@'localhost' (using password: YES)' in C:\xampp\htdocs\yii\framework\db\CDbConnection.php:399
Stack trace:
#0 C:\xampp\htdocs\yii\framework\db\CDbConnection.php(347): CDbConnection->open()
#1 C:\xampp\htdocs\yii\framework\db\CDbConnection.php(325): CDbConnection->setActive(true)
#2 C:\xampp\htdocs\yii\framework\base\CModule.php(394): CDbConnection->init()
#3 C:\xampp\htdocs\yii\framework\base\CApplication.php(458): CModule->getComponent('db')
#4 C:\xampp\htdocs\yii\framework\db\ar\CActiveRecord.php(637): CApplication->getDb()
#5 C:\xampp\htdocs\yii\framework\db\ar\CActiveRecord.php(1433): CActiveRecord->getDbConnection()
#6 C:\xampp\htdocs\yii\framework\db\ar\CActiveRecord.php(1489): CActiveRecord->getTableAlias(true)
#7 C:\xampp\htdocs\yii\antumalen\protected\modules\cruge\models\data\CrugeSession.php(90): CActiveRecord->findByPk('0')
#8 C:\xampp\htdocs\yii\antumalen\protected\modules\cruge\components\CrugeFactory.php(46): CrugeSession::loadModel('0')
#9 C:\xampp\htdocs\yii\antumalen\protected\modules\cruge\components\CrugeUserManager.php(412): CrugeFactory->getICrugeSession('0')
#10 C:\xampp\htdocs\yii\antumalen\protected\modules\cruge\components\CrugeWebUser.php(451): CrugeUserManager->loadSession('0')
#11 C:\xampp\htdocs\yii\antumalen\protected\modules\cruge\components\CrugeWebUser.php(229): CrugeWebUser->getICrugeSession()
#12 C:\xampp\htdocs\yii\antumalen\protected\modules\cruge\components\CrugeWebUser.php(242): CrugeWebUser->getId()
#13 C:\xampp\htdocs\yii\framework\web\auth\CWebUser.php(200): CrugeWebUser->getIsGuest()
#14 C:\xampp\htdocs\yii\antumalen\protected\modules\cruge\components\CrugeWebUser.php(45): CWebUser->init()
#15 C:\xampp\htdocs\yii\framework\base\CModule.php(394): CrugeWebUser->init()
#16 C:\xampp\htdocs\yii\framework\base\CModule.php(103): CModule->getComponent('user')
#17 C:\xampp\htdocs\yii\antumalen\protected\views\layouts\main.php(36): CModule->__get('user')
#18 C:\xampp\htdocs\yii\framework\web\CBaseController.php(126): require('C:\\xampp\\htdocs...')
#19 C:\xampp\htdocs\yii\framework\web\CBaseController.php(95): CBaseController->renderInternal('C:\\xampp\\htdocs...', Array, true)
#20 C:\xampp\htdocs\yii\framework\web\widgets\CContentDecorator.php(76): CBaseController->renderFile('C:\\xampp\\htdocs...', Array, true)
#21 C:\xampp\htdocs\yii\framework\web\widgets\CContentDecorator.php(54): CContentDecorator->decorate('<div id="conten...')
#22 C:\xampp\htdocs\yii\framework\web\widgets\COutputProcessor.php(44): CContentDecorator->processOutput('<div id="conten...')
#23 C:\xampp\htdocs\yii\framework\web\CBaseController.php(214): COutputProcessor->run()
#24 C:\xampp\htdocs\yii\framework\web\CBaseController.php(308): CBaseController->endWidget('CContentDecorat...')
#25 C:\xampp\htdocs\yii\antumalen\protected\views\layouts\column1.php(6): CBaseController->endContent()
#26 C:\xampp\htdocs\yii\framework\web\CBaseController.php(126): require('C:\\xampp\\htdocs...')
#27 C:\xampp\htdocs\yii\framework\web\CBaseController.php(95): CBaseController->renderInternal('C:\\xampp\\htdocs...', Array, true)
#28 C:\xampp\htdocs\yii\framework\web\CController.php(784): CBaseController->renderFile('C:\\xampp\\htdocs...', Array, true)
#29 C:\xampp\htdocs\yii\antumalen\protected\controllers\SiteController.php(32): CController->render('index')
#30 C:\xampp\htdocs\yii\framework\web\actions\CInlineAction.php(49): SiteController->actionIndex()
#31 C:\xampp\htdocs\yii\framework\web\CController.php(308): CInlineAction->runWithParams(Array)
#32 C:\xampp\htdocs\yii\framework\web\CController.php(286): CController->runAction(Object(CInlineAction))
#33 C:\xampp\htdocs\yii\framework\web\CController.php(265): CController->runActionWithFilters(Object(CInlineAction), Array)
#34 C:\xampp\htdocs\yii\framework\web\CWebApplication.php(282): CController->run('')
#35 C:\xampp\htdocs\yii\framework\web\CWebApplication.php(141): CWebApplication->runController('')
#36 C:\xampp\htdocs\yii\framework\base\CApplication.php(184): CWebApplication->processRequest()
#37 C:\xampp\htdocs\yii\antumalen\index.php(13): CApplication->run()
#38 {main}
REQUEST_URI=/yii/antumalen/
---
2015/01/30 19:01:55 [error] [exception.CDbException] exception 'CDbException' with message 'CDbConnection failed to open the DB connection: SQLSTATE[HY000] [1045] Access denied for user 'root'@'localhost' (using password: YES)' in C:\xampp\htdocs\yii\framework\db\CDbConnection.php:399
Stack trace:
#0 C:\xampp\htdocs\yii\framework\db\CDbConnection.php(347): CDbConnection->open()
#1 C:\xampp\htdocs\yii\framework\db\CDbConnection.php(325): CDbConnection->setActive(true)
#2 C:\xampp\htdocs\yii\framework\base\CModule.php(394): CDbConnection->init()
#3 C:\xampp\htdocs\yii\framework\base\CApplication.php(458): CModule->getComponent('db')
#4 C:\xampp\htdocs\yii\framework\db\ar\CActiveRecord.php(637): CApplication->getDb()
#5 C:\xampp\htdocs\yii\framework\db\ar\CActiveRecord.php(1433): CActiveRecord->getDbConnection()
#6 C:\xampp\htdocs\yii\framework\db\ar\CActiveRecord.php(1489): CActiveRecord->getTableAlias(true)
#7 C:\xampp\htdocs\yii\antumalen\protected\modules\cruge\models\data\CrugeSession.php(90): CActiveRecord->findByPk('0')
#8 C:\xampp\htdocs\yii\antumalen\protected\modules\cruge\components\CrugeFactory.php(46): CrugeSession::loadModel('0')
#9 C:\xampp\htdocs\yii\antumalen\protected\modules\cruge\components\CrugeUserManager.php(412): CrugeFactory->getICrugeSession('0')
#10 C:\xampp\htdocs\yii\antumalen\protected\modules\cruge\components\CrugeWebUser.php(451): CrugeUserManager->loadSession('0')
#11 C:\xampp\htdocs\yii\antumalen\protected\modules\cruge\components\CrugeWebUser.php(229): CrugeWebUser->getICrugeSession()
#12 C:\xampp\htdocs\yii\antumalen\protected\modules\cruge\components\CrugeWebUser.php(242): CrugeWebUser->getId()
#13 C:\xampp\htdocs\yii\framework\web\auth\CWebUser.php(200): CrugeWebUser->getIsGuest()
#14 C:\xampp\htdocs\yii\antumalen\protected\modules\cruge\components\CrugeWebUser.php(45): CWebUser->init()
#15 C:\xampp\htdocs\yii\framework\base\CModule.php(394): CrugeWebUser->init()
#16 C:\xampp\htdocs\yii\framework\base\CModule.php(103): CModule->getComponent('user')
#17 C:\xampp\htdocs\yii\antumalen\protected\views\layouts\main.php(36): CModule->__get('user')
#18 C:\xampp\htdocs\yii\framework\web\CBaseController.php(126): require('C:\\xampp\\htdocs...')
#19 C:\xampp\htdocs\yii\framework\web\CBaseController.php(95): CBaseController->renderInternal('C:\\xampp\\htdocs...', Array, true)
#20 C:\xampp\htdocs\yii\framework\web\widgets\CContentDecorator.php(76): CBaseController->renderFile('C:\\xampp\\htdocs...', Array, true)
#21 C:\xampp\htdocs\yii\framework\web\widgets\CContentDecorator.php(54): CContentDecorator->decorate('<div id="conten...')
#22 C:\xampp\htdocs\yii\framework\web\widgets\COutputProcessor.php(44): CContentDecorator->processOutput('<div id="conten...')
#23 C:\xampp\htdocs\yii\framework\web\CBaseController.php(214): COutputProcessor->run()
#24 C:\xampp\htdocs\yii\framework\web\CBaseController.php(308): CBaseController->endWidget('CContentDecorat...')
#25 C:\xampp\htdocs\yii\antumalen\protected\views\layouts\column1.php(6): CBaseController->endContent()
#26 C:\xampp\htdocs\yii\framework\web\CBaseController.php(126): require('C:\\xampp\\htdocs...')
#27 C:\xampp\htdocs\yii\framework\web\CBaseController.php(95): CBaseController->renderInternal('C:\\xampp\\htdocs...', Array, true)
#28 C:\xampp\htdocs\yii\framework\web\CController.php(784): CBaseController->renderFile('C:\\xampp\\htdocs...', Array, true)
#29 C:\xampp\htdocs\yii\antumalen\protected\controllers\SiteController.php(32): CController->render('index')
#30 C:\xampp\htdocs\yii\framework\web\actions\CInlineAction.php(49): SiteController->actionIndex()
#31 C:\xampp\htdocs\yii\framework\web\CController.php(308): CInlineAction->runWithParams(Array)
#32 C:\xampp\htdocs\yii\framework\web\CController.php(286): CController->runAction(Object(CInlineAction))
#33 C:\xampp\htdocs\yii\framework\web\CController.php(265): CController->runActionWithFilters(Object(CInlineAction), Array)
#34 C:\xampp\htdocs\yii\framework\web\CWebApplication.php(282): CController->run('')
#35 C:\xampp\htdocs\yii\framework\web\CWebApplication.php(141): CWebApplication->runController('')
#36 C:\xampp\htdocs\yii\framework\base\CApplication.php(184): CWebApplication->processRequest()
#37 C:\xampp\htdocs\yii\antumalen\index.php(13): CApplication->run()
#38 {main}
REQUEST_URI=/yii/antumalen/
---
2015/01/30 19:01:56 [error] [exception.CDbException] exception 'CDbException' with message 'CDbConnection failed to open the DB connection: SQLSTATE[HY000] [1045] Access denied for user 'root'@'localhost' (using password: YES)' in C:\xampp\htdocs\yii\framework\db\CDbConnection.php:399
Stack trace:
#0 C:\xampp\htdocs\yii\framework\db\CDbConnection.php(347): CDbConnection->open()
#1 C:\xampp\htdocs\yii\framework\db\CDbConnection.php(325): CDbConnection->setActive(true)
#2 C:\xampp\htdocs\yii\framework\base\CModule.php(394): CDbConnection->init()
#3 C:\xampp\htdocs\yii\framework\base\CApplication.php(458): CModule->getComponent('db')
#4 C:\xampp\htdocs\yii\framework\db\ar\CActiveRecord.php(637): CApplication->getDb()
#5 C:\xampp\htdocs\yii\framework\db\ar\CActiveRecord.php(1433): CActiveRecord->getDbConnection()
#6 C:\xampp\htdocs\yii\framework\db\ar\CActiveRecord.php(1489): CActiveRecord->getTableAlias(true)
#7 C:\xampp\htdocs\yii\antumalen\protected\modules\cruge\models\data\CrugeSession.php(90): CActiveRecord->findByPk('0')
#8 C:\xampp\htdocs\yii\antumalen\protected\modules\cruge\components\CrugeFactory.php(46): CrugeSession::loadModel('0')
#9 C:\xampp\htdocs\yii\antumalen\protected\modules\cruge\components\CrugeUserManager.php(412): CrugeFactory->getICrugeSession('0')
#10 C:\xampp\htdocs\yii\antumalen\protected\modules\cruge\components\CrugeWebUser.php(451): CrugeUserManager->loadSession('0')
#11 C:\xampp\htdocs\yii\antumalen\protected\modules\cruge\components\CrugeWebUser.php(229): CrugeWebUser->getICrugeSession()
#12 C:\xampp\htdocs\yii\antumalen\protected\modules\cruge\components\CrugeWebUser.php(242): CrugeWebUser->getId()
#13 C:\xampp\htdocs\yii\framework\web\auth\CWebUser.php(200): CrugeWebUser->getIsGuest()
#14 C:\xampp\htdocs\yii\antumalen\protected\modules\cruge\components\CrugeWebUser.php(45): CWebUser->init()
#15 C:\xampp\htdocs\yii\framework\base\CModule.php(394): CrugeWebUser->init()
#16 C:\xampp\htdocs\yii\framework\base\CModule.php(103): CModule->getComponent('user')
#17 C:\xampp\htdocs\yii\antumalen\protected\views\layouts\main.php(36): CModule->__get('user')
#18 C:\xampp\htdocs\yii\framework\web\CBaseController.php(126): require('C:\\xampp\\htdocs...')
#19 C:\xampp\htdocs\yii\framework\web\CBaseController.php(95): CBaseController->renderInternal('C:\\xampp\\htdocs...', Array, true)
#20 C:\xampp\htdocs\yii\framework\web\widgets\CContentDecorator.php(76): CBaseController->renderFile('C:\\xampp\\htdocs...', Array, true)
#21 C:\xampp\htdocs\yii\framework\web\widgets\CContentDecorator.php(54): CContentDecorator->decorate('<div id="conten...')
#22 C:\xampp\htdocs\yii\framework\web\widgets\COutputProcessor.php(44): CContentDecorator->processOutput('<div id="conten...')
#23 C:\xampp\htdocs\yii\framework\web\CBaseController.php(214): COutputProcessor->run()
#24 C:\xampp\htdocs\yii\framework\web\CBaseController.php(308): CBaseController->endWidget('CContentDecorat...')
#25 C:\xampp\htdocs\yii\antumalen\protected\views\layouts\column1.php(6): CBaseController->endContent()
#26 C:\xampp\htdocs\yii\framework\web\CBaseController.php(126): require('C:\\xampp\\htdocs...')
#27 C:\xampp\htdocs\yii\framework\web\CBaseController.php(95): CBaseController->renderInternal('C:\\xampp\\htdocs...', Array, true)
#28 C:\xampp\htdocs\yii\framework\web\CController.php(784): CBaseController->renderFile('C:\\xampp\\htdocs...', Array, true)
#29 C:\xampp\htdocs\yii\antumalen\protected\controllers\SiteController.php(32): CController->render('index')
#30 C:\xampp\htdocs\yii\framework\web\actions\CInlineAction.php(49): SiteController->actionIndex()
#31 C:\xampp\htdocs\yii\framework\web\CController.php(308): CInlineAction->runWithParams(Array)
#32 C:\xampp\htdocs\yii\framework\web\CController.php(286): CController->runAction(Object(CInlineAction))
#33 C:\xampp\htdocs\yii\framework\web\CController.php(265): CController->runActionWithFilters(Object(CInlineAction), Array)
#34 C:\xampp\htdocs\yii\framework\web\CWebApplication.php(282): CController->run('')
#35 C:\xampp\htdocs\yii\framework\web\CWebApplication.php(141): CWebApplication->runController('')
#36 C:\xampp\htdocs\yii\framework\base\CApplication.php(184): CWebApplication->processRequest()
#37 C:\xampp\htdocs\yii\antumalen\index.php(13): CApplication->run()
#38 {main}
REQUEST_URI=/yii/antumalen/
---
2015/01/30 19:01:56 [error] [exception.CDbException] exception 'CDbException' with message 'CDbConnection failed to open the DB connection: SQLSTATE[HY000] [1045] Access denied for user 'root'@'localhost' (using password: YES)' in C:\xampp\htdocs\yii\framework\db\CDbConnection.php:399
Stack trace:
#0 C:\xampp\htdocs\yii\framework\db\CDbConnection.php(347): CDbConnection->open()
#1 C:\xampp\htdocs\yii\framework\db\CDbConnection.php(325): CDbConnection->setActive(true)
#2 C:\xampp\htdocs\yii\framework\base\CModule.php(394): CDbConnection->init()
#3 C:\xampp\htdocs\yii\framework\base\CApplication.php(458): CModule->getComponent('db')
#4 C:\xampp\htdocs\yii\framework\db\ar\CActiveRecord.php(637): CApplication->getDb()
#5 C:\xampp\htdocs\yii\framework\db\ar\CActiveRecord.php(1433): CActiveRecord->getDbConnection()
#6 C:\xampp\htdocs\yii\framework\db\ar\CActiveRecord.php(1489): CActiveRecord->getTableAlias(true)
#7 C:\xampp\htdocs\yii\antumalen\protected\modules\cruge\models\data\CrugeSession.php(90): CActiveRecord->findByPk('0')
#8 C:\xampp\htdocs\yii\antumalen\protected\modules\cruge\components\CrugeFactory.php(46): CrugeSession::loadModel('0')
#9 C:\xampp\htdocs\yii\antumalen\protected\modules\cruge\components\CrugeUserManager.php(412): CrugeFactory->getICrugeSession('0')
#10 C:\xampp\htdocs\yii\antumalen\protected\modules\cruge\components\CrugeWebUser.php(451): CrugeUserManager->loadSession('0')
#11 C:\xampp\htdocs\yii\antumalen\protected\modules\cruge\components\CrugeWebUser.php(229): CrugeWebUser->getICrugeSession()
#12 C:\xampp\htdocs\yii\antumalen\protected\modules\cruge\components\CrugeWebUser.php(242): CrugeWebUser->getId()
#13 C:\xampp\htdocs\yii\framework\web\auth\CWebUser.php(200): CrugeWebUser->getIsGuest()
#14 C:\xampp\htdocs\yii\antumalen\protected\modules\cruge\components\CrugeWebUser.php(45): CWebUser->init()
#15 C:\xampp\htdocs\yii\framework\base\CModule.php(394): CrugeWebUser->init()
#16 C:\xampp\htdocs\yii\framework\base\CModule.php(103): CModule->getComponent('user')
#17 C:\xampp\htdocs\yii\antumalen\protected\views\layouts\main.php(36): CModule->__get('user')
#18 C:\xampp\htdocs\yii\framework\web\CBaseController.php(126): require('C:\\xampp\\htdocs...')
#19 C:\xampp\htdocs\yii\framework\web\CBaseController.php(95): CBaseController->renderInternal('C:\\xampp\\htdocs...', Array, true)
#20 C:\xampp\htdocs\yii\framework\web\widgets\CContentDecorator.php(76): CBaseController->renderFile('C:\\xampp\\htdocs...', Array, true)
#21 C:\xampp\htdocs\yii\framework\web\widgets\CContentDecorator.php(54): CContentDecorator->decorate('<div id="conten...')
#22 C:\xampp\htdocs\yii\framework\web\widgets\COutputProcessor.php(44): CContentDecorator->processOutput('<div id="conten...')
#23 C:\xampp\htdocs\yii\framework\web\CBaseController.php(214): COutputProcessor->run()
#24 C:\xampp\htdocs\yii\framework\web\CBaseController.php(308): CBaseController->endWidget('CContentDecorat...')
#25 C:\xampp\htdocs\yii\antumalen\protected\views\layouts\column1.php(6): CBaseController->endContent()
#26 C:\xampp\htdocs\yii\framework\web\CBaseController.php(126): require('C:\\xampp\\htdocs...')
#27 C:\xampp\htdocs\yii\framework\web\CBaseController.php(95): CBaseController->renderInternal('C:\\xampp\\htdocs...', Array, true)
#28 C:\xampp\htdocs\yii\framework\web\CController.php(784): CBaseController->renderFile('C:\\xampp\\htdocs...', Array, true)
#29 C:\xampp\htdocs\yii\antumalen\protected\controllers\SiteController.php(32): CController->render('index')
#30 C:\xampp\htdocs\yii\framework\web\actions\CInlineAction.php(49): SiteController->actionIndex()
#31 C:\xampp\htdocs\yii\framework\web\CController.php(308): CInlineAction->runWithParams(Array)
#32 C:\xampp\htdocs\yii\framework\web\CController.php(286): CController->runAction(Object(CInlineAction))
#33 C:\xampp\htdocs\yii\framework\web\CController.php(265): CController->runActionWithFilters(Object(CInlineAction), Array)
#34 C:\xampp\htdocs\yii\framework\web\CWebApplication.php(282): CController->run('')
#35 C:\xampp\htdocs\yii\framework\web\CWebApplication.php(141): CWebApplication->runController('')
#36 C:\xampp\htdocs\yii\framework\base\CApplication.php(184): CWebApplication->processRequest()
#37 C:\xampp\htdocs\yii\antumalen\index.php(13): CApplication->run()
#38 {main}
REQUEST_URI=/yii/antumalen/
---
2015/01/30 19:01:56 [error] [exception.CDbException] exception 'CDbException' with message 'CDbConnection failed to open the DB connection: SQLSTATE[HY000] [1045] Access denied for user 'root'@'localhost' (using password: YES)' in C:\xampp\htdocs\yii\framework\db\CDbConnection.php:399
Stack trace:
#0 C:\xampp\htdocs\yii\framework\db\CDbConnection.php(347): CDbConnection->open()
#1 C:\xampp\htdocs\yii\framework\db\CDbConnection.php(325): CDbConnection->setActive(true)
#2 C:\xampp\htdocs\yii\framework\base\CModule.php(394): CDbConnection->init()
#3 C:\xampp\htdocs\yii\framework\base\CApplication.php(458): CModule->getComponent('db')
#4 C:\xampp\htdocs\yii\framework\db\ar\CActiveRecord.php(637): CApplication->getDb()
#5 C:\xampp\htdocs\yii\framework\db\ar\CActiveRecord.php(1433): CActiveRecord->getDbConnection()
#6 C:\xampp\htdocs\yii\framework\db\ar\CActiveRecord.php(1489): CActiveRecord->getTableAlias(true)
#7 C:\xampp\htdocs\yii\antumalen\protected\modules\cruge\models\data\CrugeSession.php(90): CActiveRecord->findByPk('0')
#8 C:\xampp\htdocs\yii\antumalen\protected\modules\cruge\components\CrugeFactory.php(46): CrugeSession::loadModel('0')
#9 C:\xampp\htdocs\yii\antumalen\protected\modules\cruge\components\CrugeUserManager.php(412): CrugeFactory->getICrugeSession('0')
#10 C:\xampp\htdocs\yii\antumalen\protected\modules\cruge\components\CrugeWebUser.php(451): CrugeUserManager->loadSession('0')
#11 C:\xampp\htdocs\yii\antumalen\protected\modules\cruge\components\CrugeWebUser.php(229): CrugeWebUser->getICrugeSession()
#12 C:\xampp\htdocs\yii\antumalen\protected\modules\cruge\components\CrugeWebUser.php(242): CrugeWebUser->getId()
#13 C:\xampp\htdocs\yii\framework\web\auth\CWebUser.php(200): CrugeWebUser->getIsGuest()
#14 C:\xampp\htdocs\yii\antumalen\protected\modules\cruge\components\CrugeWebUser.php(45): CWebUser->init()
#15 C:\xampp\htdocs\yii\framework\base\CModule.php(394): CrugeWebUser->init()
#16 C:\xampp\htdocs\yii\framework\base\CModule.php(103): CModule->getComponent('user')
#17 C:\xampp\htdocs\yii\antumalen\protected\views\layouts\main.php(36): CModule->__get('user')
#18 C:\xampp\htdocs\yii\framework\web\CBaseController.php(126): require('C:\\xampp\\htdocs...')
#19 C:\xampp\htdocs\yii\framework\web\CBaseController.php(95): CBaseController->renderInternal('C:\\xampp\\htdocs...', Array, true)
#20 C:\xampp\htdocs\yii\framework\web\widgets\CContentDecorator.php(76): CBaseController->renderFile('C:\\xampp\\htdocs...', Array, true)
#21 C:\xampp\htdocs\yii\framework\web\widgets\CContentDecorator.php(54): CContentDecorator->decorate('<div id="conten...')
#22 C:\xampp\htdocs\yii\framework\web\widgets\COutputProcessor.php(44): CContentDecorator->processOutput('<div id="conten...')
#23 C:\xampp\htdocs\yii\framework\web\CBaseController.php(214): COutputProcessor->run()
#24 C:\xampp\htdocs\yii\framework\web\CBaseController.php(308): CBaseController->endWidget('CContentDecorat...')
#25 C:\xampp\htdocs\yii\antumalen\protected\views\layouts\column1.php(6): CBaseController->endContent()
#26 C:\xampp\htdocs\yii\framework\web\CBaseController.php(126): require('C:\\xampp\\htdocs...')
#27 C:\xampp\htdocs\yii\framework\web\CBaseController.php(95): CBaseController->renderInternal('C:\\xampp\\htdocs...', Array, true)
#28 C:\xampp\htdocs\yii\framework\web\CController.php(784): CBaseController->renderFile('C:\\xampp\\htdocs...', Array, true)
#29 C:\xampp\htdocs\yii\antumalen\protected\controllers\SiteController.php(32): CController->render('index')
#30 C:\xampp\htdocs\yii\framework\web\actions\CInlineAction.php(49): SiteController->actionIndex()
#31 C:\xampp\htdocs\yii\framework\web\CController.php(308): CInlineAction->runWithParams(Array)
#32 C:\xampp\htdocs\yii\framework\web\CController.php(286): CController->runAction(Object(CInlineAction))
#33 C:\xampp\htdocs\yii\framework\web\CController.php(265): CController->runActionWithFilters(Object(CInlineAction), Array)
#34 C:\xampp\htdocs\yii\framework\web\CWebApplication.php(282): CController->run('')
#35 C:\xampp\htdocs\yii\framework\web\CWebApplication.php(141): CWebApplication->runController('')
#36 C:\xampp\htdocs\yii\framework\base\CApplication.php(184): CWebApplication->processRequest()
#37 C:\xampp\htdocs\yii\antumalen\index.php(13): CApplication->run()
#38 {main}
REQUEST_URI=/yii/antumalen/
---
2015/01/30 19:01:56 [error] [exception.CDbException] exception 'CDbException' with message 'CDbConnection failed to open the DB connection: SQLSTATE[HY000] [1045] Access denied for user 'root'@'localhost' (using password: YES)' in C:\xampp\htdocs\yii\framework\db\CDbConnection.php:399
Stack trace:
#0 C:\xampp\htdocs\yii\framework\db\CDbConnection.php(347): CDbConnection->open()
#1 C:\xampp\htdocs\yii\framework\db\CDbConnection.php(325): CDbConnection->setActive(true)
#2 C:\xampp\htdocs\yii\framework\base\CModule.php(394): CDbConnection->init()
#3 C:\xampp\htdocs\yii\framework\base\CApplication.php(458): CModule->getComponent('db')
#4 C:\xampp\htdocs\yii\framework\db\ar\CActiveRecord.php(637): CApplication->getDb()
#5 C:\xampp\htdocs\yii\framework\db\ar\CActiveRecord.php(1433): CActiveRecord->getDbConnection()
#6 C:\xampp\htdocs\yii\framework\db\ar\CActiveRecord.php(1489): CActiveRecord->getTableAlias(true)
#7 C:\xampp\htdocs\yii\antumalen\protected\modules\cruge\models\data\CrugeSession.php(90): CActiveRecord->findByPk('0')
#8 C:\xampp\htdocs\yii\antumalen\protected\modules\cruge\components\CrugeFactory.php(46): CrugeSession::loadModel('0')
#9 C:\xampp\htdocs\yii\antumalen\protected\modules\cruge\components\CrugeUserManager.php(412): CrugeFactory->getICrugeSession('0')
#10 C:\xampp\htdocs\yii\antumalen\protected\modules\cruge\components\CrugeWebUser.php(451): CrugeUserManager->loadSession('0')
#11 C:\xampp\htdocs\yii\antumalen\protected\modules\cruge\components\CrugeWebUser.php(229): CrugeWebUser->getICrugeSession()
#12 C:\xampp\htdocs\yii\antumalen\protected\modules\cruge\components\CrugeWebUser.php(242): CrugeWebUser->getId()
#13 C:\xampp\htdocs\yii\framework\web\auth\CWebUser.php(200): CrugeWebUser->getIsGuest()
#14 C:\xampp\htdocs\yii\antumalen\protected\modules\cruge\components\CrugeWebUser.php(45): CWebUser->init()
#15 C:\xampp\htdocs\yii\framework\base\CModule.php(394): CrugeWebUser->init()
#16 C:\xampp\htdocs\yii\framework\base\CModule.php(103): CModule->getComponent('user')
#17 C:\xampp\htdocs\yii\antumalen\protected\views\layouts\main.php(36): CModule->__get('user')
#18 C:\xampp\htdocs\yii\framework\web\CBaseController.php(126): require('C:\\xampp\\htdocs...')
#19 C:\xampp\htdocs\yii\framework\web\CBaseController.php(95): CBaseController->renderInternal('C:\\xampp\\htdocs...', Array, true)
#20 C:\xampp\htdocs\yii\framework\web\widgets\CContentDecorator.php(76): CBaseController->renderFile('C:\\xampp\\htdocs...', Array, true)
#21 C:\xampp\htdocs\yii\framework\web\widgets\CContentDecorator.php(54): CContentDecorator->decorate('<div id="conten...')
#22 C:\xampp\htdocs\yii\framework\web\widgets\COutputProcessor.php(44): CContentDecorator->processOutput('<div id="conten...')
#23 C:\xampp\htdocs\yii\framework\web\CBaseController.php(214): COutputProcessor->run()
#24 C:\xampp\htdocs\yii\framework\web\CBaseController.php(308): CBaseController->endWidget('CContentDecorat...')
#25 C:\xampp\htdocs\yii\antumalen\protected\views\layouts\column1.php(6): CBaseController->endContent()
#26 C:\xampp\htdocs\yii\framework\web\CBaseController.php(126): require('C:\\xampp\\htdocs...')
#27 C:\xampp\htdocs\yii\framework\web\CBaseController.php(95): CBaseController->renderInternal('C:\\xampp\\htdocs...', Array, true)
#28 C:\xampp\htdocs\yii\framework\web\CController.php(784): CBaseController->renderFile('C:\\xampp\\htdocs...', Array, true)
#29 C:\xampp\htdocs\yii\antumalen\protected\controllers\SiteController.php(32): CController->render('index')
#30 C:\xampp\htdocs\yii\framework\web\actions\CInlineAction.php(49): SiteController->actionIndex()
#31 C:\xampp\htdocs\yii\framework\web\CController.php(308): CInlineAction->runWithParams(Array)
#32 C:\xampp\htdocs\yii\framework\web\CController.php(286): CController->runAction(Object(CInlineAction))
#33 C:\xampp\htdocs\yii\framework\web\CController.php(265): CController->runActionWithFilters(Object(CInlineAction), Array)
#34 C:\xampp\htdocs\yii\framework\web\CWebApplication.php(282): CController->run('')
#35 C:\xampp\htdocs\yii\framework\web\CWebApplication.php(141): CWebApplication->runController('')
#36 C:\xampp\htdocs\yii\framework\base\CApplication.php(184): CWebApplication->processRequest()
#37 C:\xampp\htdocs\yii\antumalen\index.php(13): CApplication->run()
#38 {main}
REQUEST_URI=/yii/antumalen/
---
2015/01/30 19:01:57 [error] [exception.CDbException] exception 'CDbException' with message 'CDbConnection failed to open the DB connection: SQLSTATE[HY000] [1045] Access denied for user 'root'@'localhost' (using password: YES)' in C:\xampp\htdocs\yii\framework\db\CDbConnection.php:399
Stack trace:
#0 C:\xampp\htdocs\yii\framework\db\CDbConnection.php(347): CDbConnection->open()
#1 C:\xampp\htdocs\yii\framework\db\CDbConnection.php(325): CDbConnection->setActive(true)
#2 C:\xampp\htdocs\yii\framework\base\CModule.php(394): CDbConnection->init()
#3 C:\xampp\htdocs\yii\framework\base\CApplication.php(458): CModule->getComponent('db')
#4 C:\xampp\htdocs\yii\framework\db\ar\CActiveRecord.php(637): CApplication->getDb()
#5 C:\xampp\htdocs\yii\framework\db\ar\CActiveRecord.php(1433): CActiveRecord->getDbConnection()
#6 C:\xampp\htdocs\yii\framework\db\ar\CActiveRecord.php(1489): CActiveRecord->getTableAlias(true)
#7 C:\xampp\htdocs\yii\antumalen\protected\modules\cruge\models\data\CrugeSession.php(90): CActiveRecord->findByPk('0')
#8 C:\xampp\htdocs\yii\antumalen\protected\modules\cruge\components\CrugeFactory.php(46): CrugeSession::loadModel('0')
#9 C:\xampp\htdocs\yii\antumalen\protected\modules\cruge\components\CrugeUserManager.php(412): CrugeFactory->getICrugeSession('0')
#10 C:\xampp\htdocs\yii\antumalen\protected\modules\cruge\components\CrugeWebUser.php(451): CrugeUserManager->loadSession('0')
#11 C:\xampp\htdocs\yii\antumalen\protected\modules\cruge\components\CrugeWebUser.php(229): CrugeWebUser->getICrugeSession()
#12 C:\xampp\htdocs\yii\antumalen\protected\modules\cruge\components\CrugeWebUser.php(242): CrugeWebUser->getId()
#13 C:\xampp\htdocs\yii\framework\web\auth\CWebUser.php(200): CrugeWebUser->getIsGuest()
#14 C:\xampp\htdocs\yii\antumalen\protected\modules\cruge\components\CrugeWebUser.php(45): CWebUser->init()
#15 C:\xampp\htdocs\yii\framework\base\CModule.php(394): CrugeWebUser->init()
#16 C:\xampp\htdocs\yii\framework\base\CModule.php(103): CModule->getComponent('user')
#17 C:\xampp\htdocs\yii\antumalen\protected\views\layouts\main.php(36): CModule->__get('user')
#18 C:\xampp\htdocs\yii\framework\web\CBaseController.php(126): require('C:\\xampp\\htdocs...')
#19 C:\xampp\htdocs\yii\framework\web\CBaseController.php(95): CBaseController->renderInternal('C:\\xampp\\htdocs...', Array, true)
#20 C:\xampp\htdocs\yii\framework\web\widgets\CContentDecorator.php(76): CBaseController->renderFile('C:\\xampp\\htdocs...', Array, true)
#21 C:\xampp\htdocs\yii\framework\web\widgets\CContentDecorator.php(54): CContentDecorator->decorate('<div id="conten...')
#22 C:\xampp\htdocs\yii\framework\web\widgets\COutputProcessor.php(44): CContentDecorator->processOutput('<div id="conten...')
#23 C:\xampp\htdocs\yii\framework\web\CBaseController.php(214): COutputProcessor->run()
#24 C:\xampp\htdocs\yii\framework\web\CBaseController.php(308): CBaseController->endWidget('CContentDecorat...')
#25 C:\xampp\htdocs\yii\antumalen\protected\views\layouts\column1.php(6): CBaseController->endContent()
#26 C:\xampp\htdocs\yii\framework\web\CBaseController.php(126): require('C:\\xampp\\htdocs...')
#27 C:\xampp\htdocs\yii\framework\web\CBaseController.php(95): CBaseController->renderInternal('C:\\xampp\\htdocs...', Array, true)
#28 C:\xampp\htdocs\yii\framework\web\CController.php(784): CBaseController->renderFile('C:\\xampp\\htdocs...', Array, true)
#29 C:\xampp\htdocs\yii\antumalen\protected\controllers\SiteController.php(32): CController->render('index')
#30 C:\xampp\htdocs\yii\framework\web\actions\CInlineAction.php(49): SiteController->actionIndex()
#31 C:\xampp\htdocs\yii\framework\web\CController.php(308): CInlineAction->runWithParams(Array)
#32 C:\xampp\htdocs\yii\framework\web\CController.php(286): CController->runAction(Object(CInlineAction))
#33 C:\xampp\htdocs\yii\framework\web\CController.php(265): CController->runActionWithFilters(Object(CInlineAction), Array)
#34 C:\xampp\htdocs\yii\framework\web\CWebApplication.php(282): CController->run('')
#35 C:\xampp\htdocs\yii\framework\web\CWebApplication.php(141): CWebApplication->runController('')
#36 C:\xampp\htdocs\yii\framework\base\CApplication.php(184): CWebApplication->processRequest()
#37 C:\xampp\htdocs\yii\antumalen\index.php(13): CApplication->run()
#38 {main}
REQUEST_URI=/yii/antumalen/
---
2015/01/30 19:01:57 [error] [exception.CDbException] exception 'CDbException' with message 'CDbConnection failed to open the DB connection: SQLSTATE[HY000] [1045] Access denied for user 'root'@'localhost' (using password: YES)' in C:\xampp\htdocs\yii\framework\db\CDbConnection.php:399
Stack trace:
#0 C:\xampp\htdocs\yii\framework\db\CDbConnection.php(347): CDbConnection->open()
#1 C:\xampp\htdocs\yii\framework\db\CDbConnection.php(325): CDbConnection->setActive(true)
#2 C:\xampp\htdocs\yii\framework\base\CModule.php(394): CDbConnection->init()
#3 C:\xampp\htdocs\yii\framework\base\CApplication.php(458): CModule->getComponent('db')
#4 C:\xampp\htdocs\yii\framework\db\ar\CActiveRecord.php(637): CApplication->getDb()
#5 C:\xampp\htdocs\yii\framework\db\ar\CActiveRecord.php(1433): CActiveRecord->getDbConnection()
#6 C:\xampp\htdocs\yii\framework\db\ar\CActiveRecord.php(1489): CActiveRecord->getTableAlias(true)
#7 C:\xampp\htdocs\yii\antumalen\protected\modules\cruge\models\data\CrugeSession.php(90): CActiveRecord->findByPk('0')
#8 C:\xampp\htdocs\yii\antumalen\protected\modules\cruge\components\CrugeFactory.php(46): CrugeSession::loadModel('0')
#9 C:\xampp\htdocs\yii\antumalen\protected\modules\cruge\components\CrugeUserManager.php(412): CrugeFactory->getICrugeSession('0')
#10 C:\xampp\htdocs\yii\antumalen\protected\modules\cruge\components\CrugeWebUser.php(451): CrugeUserManager->loadSession('0')
#11 C:\xampp\htdocs\yii\antumalen\protected\modules\cruge\components\CrugeWebUser.php(229): CrugeWebUser->getICrugeSession()
#12 C:\xampp\htdocs\yii\antumalen\protected\modules\cruge\components\CrugeWebUser.php(242): CrugeWebUser->getId()
#13 C:\xampp\htdocs\yii\framework\web\auth\CWebUser.php(200): CrugeWebUser->getIsGuest()
#14 C:\xampp\htdocs\yii\antumalen\protected\modules\cruge\components\CrugeWebUser.php(45): CWebUser->init()
#15 C:\xampp\htdocs\yii\framework\base\CModule.php(394): CrugeWebUser->init()
#16 C:\xampp\htdocs\yii\framework\base\CModule.php(103): CModule->getComponent('user')
#17 C:\xampp\htdocs\yii\antumalen\protected\views\layouts\main.php(36): CModule->__get('user')
#18 C:\xampp\htdocs\yii\framework\web\CBaseController.php(126): require('C:\\xampp\\htdocs...')
#19 C:\xampp\htdocs\yii\framework\web\CBaseController.php(95): CBaseController->renderInternal('C:\\xampp\\htdocs...', Array, true)
#20 C:\xampp\htdocs\yii\framework\web\widgets\CContentDecorator.php(76): CBaseController->renderFile('C:\\xampp\\htdocs...', Array, true)
#21 C:\xampp\htdocs\yii\framework\web\widgets\CContentDecorator.php(54): CContentDecorator->decorate('<div id="conten...')
#22 C:\xampp\htdocs\yii\framework\web\widgets\COutputProcessor.php(44): CContentDecorator->processOutput('<div id="conten...')
#23 C:\xampp\htdocs\yii\framework\web\CBaseController.php(214): COutputProcessor->run()
#24 C:\xampp\htdocs\yii\framework\web\CBaseController.php(308): CBaseController->endWidget('CContentDecorat...')
#25 C:\xampp\htdocs\yii\antumalen\protected\views\layouts\column1.php(6): CBaseController->endContent()
#26 C:\xampp\htdocs\yii\framework\web\CBaseController.php(126): require('C:\\xampp\\htdocs...')
#27 C:\xampp\htdocs\yii\framework\web\CBaseController.php(95): CBaseController->renderInternal('C:\\xampp\\htdocs...', Array, true)
#28 C:\xampp\htdocs\yii\framework\web\CController.php(784): CBaseController->renderFile('C:\\xampp\\htdocs...', Array, true)
#29 C:\xampp\htdocs\yii\antumalen\protected\controllers\SiteController.php(32): CController->render('index')
#30 C:\xampp\htdocs\yii\framework\web\actions\CInlineAction.php(49): SiteController->actionIndex()
#31 C:\xampp\htdocs\yii\framework\web\CController.php(308): CInlineAction->runWithParams(Array)
#32 C:\xampp\htdocs\yii\framework\web\CController.php(286): CController->runAction(Object(CInlineAction))
#33 C:\xampp\htdocs\yii\framework\web\CController.php(265): CController->runActionWithFilters(Object(CInlineAction), Array)
#34 C:\xampp\htdocs\yii\framework\web\CWebApplication.php(282): CController->run('')
#35 C:\xampp\htdocs\yii\framework\web\CWebApplication.php(141): CWebApplication->runController('')
#36 C:\xampp\htdocs\yii\framework\base\CApplication.php(184): CWebApplication->processRequest()
#37 C:\xampp\htdocs\yii\antumalen\index.php(13): CApplication->run()
#38 {main}
REQUEST_URI=/yii/antumalen/
---
2015/01/30 19:01:57 [error] [exception.CDbException] exception 'CDbException' with message 'CDbConnection failed to open the DB connection: SQLSTATE[HY000] [1045] Access denied for user 'root'@'localhost' (using password: YES)' in C:\xampp\htdocs\yii\framework\db\CDbConnection.php:399
Stack trace:
#0 C:\xampp\htdocs\yii\framework\db\CDbConnection.php(347): CDbConnection->open()
#1 C:\xampp\htdocs\yii\framework\db\CDbConnection.php(325): CDbConnection->setActive(true)
#2 C:\xampp\htdocs\yii\framework\base\CModule.php(394): CDbConnection->init()
#3 C:\xampp\htdocs\yii\framework\base\CApplication.php(458): CModule->getComponent('db')
#4 C:\xampp\htdocs\yii\framework\db\ar\CActiveRecord.php(637): CApplication->getDb()
#5 C:\xampp\htdocs\yii\framework\db\ar\CActiveRecord.php(1433): CActiveRecord->getDbConnection()
#6 C:\xampp\htdocs\yii\framework\db\ar\CActiveRecord.php(1489): CActiveRecord->getTableAlias(true)
#7 C:\xampp\htdocs\yii\antumalen\protected\modules\cruge\models\data\CrugeSession.php(90): CActiveRecord->findByPk('0')
#8 C:\xampp\htdocs\yii\antumalen\protected\modules\cruge\components\CrugeFactory.php(46): CrugeSession::loadModel('0')
#9 C:\xampp\htdocs\yii\antumalen\protected\modules\cruge\components\CrugeUserManager.php(412): CrugeFactory->getICrugeSession('0')
#10 C:\xampp\htdocs\yii\antumalen\protected\modules\cruge\components\CrugeWebUser.php(451): CrugeUserManager->loadSession('0')
#11 C:\xampp\htdocs\yii\antumalen\protected\modules\cruge\components\CrugeWebUser.php(229): CrugeWebUser->getICrugeSession()
#12 C:\xampp\htdocs\yii\antumalen\protected\modules\cruge\components\CrugeWebUser.php(242): CrugeWebUser->getId()
#13 C:\xampp\htdocs\yii\framework\web\auth\CWebUser.php(200): CrugeWebUser->getIsGuest()
#14 C:\xampp\htdocs\yii\antumalen\protected\modules\cruge\components\CrugeWebUser.php(45): CWebUser->init()
#15 C:\xampp\htdocs\yii\framework\base\CModule.php(394): CrugeWebUser->init()
#16 C:\xampp\htdocs\yii\framework\base\CModule.php(103): CModule->getComponent('user')
#17 C:\xampp\htdocs\yii\antumalen\protected\views\layouts\main.php(36): CModule->__get('user')
#18 C:\xampp\htdocs\yii\framework\web\CBaseController.php(126): require('C:\\xampp\\htdocs...')
#19 C:\xampp\htdocs\yii\framework\web\CBaseController.php(95): CBaseController->renderInternal('C:\\xampp\\htdocs...', Array, true)
#20 C:\xampp\htdocs\yii\framework\web\widgets\CContentDecorator.php(76): CBaseController->renderFile('C:\\xampp\\htdocs...', Array, true)
#21 C:\xampp\htdocs\yii\framework\web\widgets\CContentDecorator.php(54): CContentDecorator->decorate('<div id="conten...')
#22 C:\xampp\htdocs\yii\framework\web\widgets\COutputProcessor.php(44): CContentDecorator->processOutput('<div id="conten...')
#23 C:\xampp\htdocs\yii\framework\web\CBaseController.php(214): COutputProcessor->run()
#24 C:\xampp\htdocs\yii\framework\web\CBaseController.php(308): CBaseController->endWidget('CContentDecorat...')
#25 C:\xampp\htdocs\yii\antumalen\protected\views\layouts\column1.php(6): CBaseController->endContent()
#26 C:\xampp\htdocs\yii\framework\web\CBaseController.php(126): require('C:\\xampp\\htdocs...')
#27 C:\xampp\htdocs\yii\framework\web\CBaseController.php(95): CBaseController->renderInternal('C:\\xampp\\htdocs...', Array, true)
#28 C:\xampp\htdocs\yii\framework\web\CController.php(784): CBaseController->renderFile('C:\\xampp\\htdocs...', Array, true)
#29 C:\xampp\htdocs\yii\antumalen\protected\controllers\SiteController.php(32): CController->render('index')
#30 C:\xampp\htdocs\yii\framework\web\actions\CInlineAction.php(49): SiteController->actionIndex()
#31 C:\xampp\htdocs\yii\framework\web\CController.php(308): CInlineAction->runWithParams(Array)
#32 C:\xampp\htdocs\yii\framework\web\CController.php(286): CController->runAction(Object(CInlineAction))
#33 C:\xampp\htdocs\yii\framework\web\CController.php(265): CController->runActionWithFilters(Object(CInlineAction), Array)
#34 C:\xampp\htdocs\yii\framework\web\CWebApplication.php(282): CController->run('')
#35 C:\xampp\htdocs\yii\framework\web\CWebApplication.php(141): CWebApplication->runController('')
#36 C:\xampp\htdocs\yii\framework\base\CApplication.php(184): CWebApplication->processRequest()
#37 C:\xampp\htdocs\yii\antumalen\index.php(13): CApplication->run()
#38 {main}
REQUEST_URI=/yii/antumalen/
---
2015/01/30 15:31:15 [error] [exception.CException] exception 'CException' with message 'The asset "C:\xampp\htdocs\amsys\protected\extensions\bootstrap\assets" to be published does not exist.' in C:\xampp\htdocs\yii\framework\web\CAssetManager.php:257
Stack trace:
#0 C:\xampp\htdocs\amsys\protected\extensions\bootstrap\components\TbApi.php(216): CAssetManager->publish('C:\\xampp\\htdocs...', false, -1, false)
#1 C:\xampp\htdocs\amsys\protected\extensions\bootstrap\components\TbApi.php(52): TbApi->getAssetsUrl()
#2 C:\xampp\htdocs\amsys\protected\extensions\bootstrap\components\TbApi.php(93): TbApi->registerCoreCss()
#3 C:\xampp\htdocs\amsys\protected\extensions\bootstrap\components\TbApi.php(138): TbApi->registerAllCss()
#4 C:\xampp\htdocs\amsys\protected\views\layouts\main.php(1): TbApi->register()
#5 C:\xampp\htdocs\yii\framework\web\CBaseController.php(126): require('C:\\xampp\\htdocs...')
#6 C:\xampp\htdocs\yii\framework\web\CBaseController.php(95): CBaseController->renderInternal('C:\\xampp\\htdocs...', Array, true)
#7 C:\xampp\htdocs\yii\framework\web\widgets\CContentDecorator.php(76): CBaseController->renderFile('C:\\xampp\\htdocs...', Array, true)
#8 C:\xampp\htdocs\yii\framework\web\widgets\CContentDecorator.php(54): CContentDecorator->decorate('<div id="conten...')
#9 C:\xampp\htdocs\yii\framework\web\widgets\COutputProcessor.php(44): CContentDecorator->processOutput('<div id="conten...')
#10 C:\xampp\htdocs\yii\framework\web\CBaseController.php(214): COutputProcessor->run()
#11 C:\xampp\htdocs\yii\framework\web\CBaseController.php(308): CBaseController->endWidget('CContentDecorat...')
#12 C:\xampp\htdocs\amsys\protected\views\layouts\column1.php(6): CBaseController->endContent()
#13 C:\xampp\htdocs\yii\framework\web\CBaseController.php(126): require('C:\\xampp\\htdocs...')
#14 C:\xampp\htdocs\yii\framework\web\CBaseController.php(95): CBaseController->renderInternal('C:\\xampp\\htdocs...', Array, true)
#15 C:\xampp\htdocs\yii\framework\web\CController.php(784): CBaseController->renderFile('C:\\xampp\\htdocs...', Array, true)
#16 C:\xampp\htdocs\amsys\protected\controllers\SiteController.php(98): CController->render('login', Array)
#17 C:\xampp\htdocs\yii\framework\web\actions\CInlineAction.php(49): SiteController->actionLogin()
#18 C:\xampp\htdocs\yii\framework\web\CController.php(308): CInlineAction->runWithParams(Array)
#19 C:\xampp\htdocs\yii\framework\web\CController.php(286): CController->runAction(Object(CInlineAction))
#20 C:\xampp\htdocs\yii\framework\web\CController.php(265): CController->runActionWithFilters(Object(CInlineAction), Array)
#21 C:\xampp\htdocs\yii\framework\web\CWebApplication.php(282): CController->run('login')
#22 C:\xampp\htdocs\yii\framework\web\CWebApplication.php(141): CWebApplication->runController('')
#23 C:\xampp\htdocs\yii\framework\base\CApplication.php(184): CWebApplication->processRequest()
#24 C:\xampp\htdocs\amsys\index.php(13): CApplication->run()
#25 {main}
REQUEST_URI=/amsys/
---
2015/01/30 15:34:05 [error] [exception.CrugeException.500] Por favor cambie las referencias a 'UserIdentity' por 'CrugeUser'<br/>500
REQUEST_URI=/amsys/
HTTP_REFERER=http://localhost/amsys/
---
2015/01/30 15:45:35 [error] [exception.CrugeException.500] Por favor cambie las referencias a 'UserIdentity' por 'CrugeUser'<br/>500
REQUEST_URI=/amsys/
HTTP_REFERER=http://localhost/amsys/
---
2015/01/30 22:45:00 [error] [php] include(TbArray.php): failed to open stream: No such file or directory (C:\wamp\www\yii\framework\YiiBase.php:427)
Stack trace:
#0 C:\wamp\www\sistema\protected\extensions\bootstrap\helpers\TbHtml.php(2534): spl_autoload_call()
#1 C:\wamp\www\sistema\protected\extensions\bootstrap\helpers\TbHtml.php(2426): btn()
#2 C:\wamp\www\sistema\protected\extensions\bootstrap\helpers\TbHtml.php(2415): htmlButton()
#3 C:\wamp\www\sistema\protected\views\site\index.php(23): button()
#4 C:\wamp\www\yii\framework\web\CBaseController.php(126): require()
#5 C:\wamp\www\yii\framework\web\CBaseController.php(95): SiteController->renderInternal()
#6 C:\wamp\www\yii\framework\web\CController.php(869): SiteController->renderFile()
#7 C:\wamp\www\yii\framework\web\CController.php(782): SiteController->renderPartial()
#8 C:\wamp\www\sistema\protected\controllers\SiteController.php(32): SiteController->render()
#9 C:\wamp\www\yii\framework\web\actions\CInlineAction.php(49): SiteController->actionIndex()
#10 C:\wamp\www\yii\framework\web\CController.php(308): CInlineAction->runWithParams()
#11 C:\wamp\www\yii\framework\web\CController.php(286): SiteController->runAction()
#12 C:\wamp\www\yii\framework\web\CController.php(265): SiteController->runActionWithFilters()
#13 C:\wamp\www\yii\framework\web\CWebApplication.php(282): SiteController->run()
#14 C:\wamp\www\yii\framework\web\CWebApplication.php(141): CWebApplication->runController()
#15 C:\wamp\www\yii\framework\base\CApplication.php(180): CWebApplication->processRequest()
#16 C:\wamp\www\sistema\index.php(13): CWebApplication->run()
REQUEST_URI=/sistema/index.php
in C:\wamp\www\sistema\protected\extensions\bootstrap\helpers\TbHtml.php (2534)
in C:\wamp\www\sistema\protected\extensions\bootstrap\helpers\TbHtml.php (2426)
in C:\wamp\www\sistema\protected\extensions\bootstrap\helpers\TbHtml.php (2415)
2015/01/30 22:45:12 [error] [php] include(TbArray.php): failed to open stream: No such file or directory (C:\wamp\www\yii\framework\YiiBase.php:427)
Stack trace:
#0 C:\wamp\www\sistema\protected\extensions\bootstrap\helpers\TbHtml.php(2534): spl_autoload_call()
#1 C:\wamp\www\sistema\protected\extensions\bootstrap\helpers\TbHtml.php(2426): btn()
#2 C:\wamp\www\sistema\protected\extensions\bootstrap\helpers\TbHtml.php(2415): htmlButton()
#3 C:\wamp\www\sistema\protected\views\site\index.php(23): button()
#4 C:\wamp\www\yii\framework\web\CBaseController.php(126): require()
#5 C:\wamp\www\yii\framework\web\CBaseController.php(95): SiteController->renderInternal()
#6 C:\wamp\www\yii\framework\web\CController.php(869): SiteController->renderFile()
#7 C:\wamp\www\yii\framework\web\CController.php(782): SiteController->renderPartial()
#8 C:\wamp\www\sistema\protected\controllers\SiteController.php(32): SiteController->render()
#9 C:\wamp\www\yii\framework\web\actions\CInlineAction.php(49): SiteController->actionIndex()
#10 C:\wamp\www\yii\framework\web\CController.php(308): CInlineAction->runWithParams()
#11 C:\wamp\www\yii\framework\web\CController.php(286): SiteController->runAction()
#12 C:\wamp\www\yii\framework\web\CController.php(265): SiteController->runActionWithFilters()
#13 C:\wamp\www\yii\framework\web\CWebApplication.php(282): SiteController->run()
#14 C:\wamp\www\yii\framework\web\CWebApplication.php(141): CWebApplication->runController()
#15 C:\wamp\www\yii\framework\base\CApplication.php(180): CWebApplication->processRequest()
#16 C:\wamp\www\sistema\index.php(13): CWebApplication->run()
REQUEST_URI=/sistema/index.php
in C:\wamp\www\sistema\protected\extensions\bootstrap\helpers\TbHtml.php (2534)
in C:\wamp\www\sistema\protected\extensions\bootstrap\helpers\TbHtml.php (2426)
in C:\wamp\www\sistema\protected\extensions\bootstrap\helpers\TbHtml.php (2415)
2015/01/30 22:46:49 [error] [php] include(TbArray.php): failed to open stream: No such file or directory (C:\wamp\www\yii\framework\YiiBase.php:427)
Stack trace:
#0 C:\wamp\www\sistema\protected\extensions\bootstrap\helpers\TbHtml.php(4333): spl_autoload_call()
#1 C:\wamp\www\sistema\protected\extensions\bootstrap\helpers\TbHtml.php(632): addSpanClass()
#2 C:\wamp\www\sistema\protected\extensions\bootstrap\widgets\TbListView.php(42): tag()
#3 C:\wamp\www\yii\framework\zii\widgets\CListView.php(297): TbListView->renderEmptyText()
#4 C:\wamp\www\yii\framework\zii\widgets\CBaseListView.php(167): TbListView->renderItems()
#5 unknown(0): TbListView->renderSection()
#6 C:\wamp\www\yii\framework\zii\widgets\CBaseListView.php(150): preg_replace_callback()
#7 C:\wamp\www\yii\framework\zii\widgets\CBaseListView.php(135): TbListView->renderContent()
#8 C:\wamp\www\yii\framework\web\CBaseController.php(173): TbListView->run()
#9 C:\wamp\www\sistema\protected\views\usuario\index.php(22): UsuarioController->widget()
#10 C:\wamp\www\yii\framework\web\CBaseController.php(126): require()
#11 C:\wamp\www\yii\framework\web\CBaseController.php(95): UsuarioController->renderInternal()
#12 C:\wamp\www\yii\framework\web\CController.php(869): UsuarioController->renderFile()
#13 C:\wamp\www\yii\framework\web\CController.php(782): UsuarioController->renderPartial()
#14 C:\wamp\www\sistema\protected\controllers\UsuarioController.php(134): UsuarioController->render()
#15 C:\wamp\www\yii\framework\web\actions\CInlineAction.php(49): UsuarioController->actionIndex()
#16 C:\wamp\www\yii\framework\web\CController.php(308): CInlineAction->runWithParams()
#17 C:\wamp\www\yii\framework\web\filters\CFilterChain.php(133): UsuarioController->runAction()
#18 C:\wamp\www\yii\framework\web\filters\CFilter.php(40): CFilterChain->run()
#19 C:\wamp\www\yii\framework\web\CController.php(1145): CAccessControlFilter->filter()
#20 C:\wamp\www\yii\framework\web\filters\CInlineFilter.php(58): UsuarioController->filterAccessControl()
#21 C:\wamp\www\yii\framework\web\filters\CFilterChain.php(130): CInlineFilter->filter()
#22 C:\wamp\www\yii\framework\web\CController.php(291): CFilterChain->run()
#23 C:\wamp\www\yii\framework\web\CController.php(265): UsuarioController->runActionWithFilters()
#24 C:\wamp\www\yii\framework\web\CWebApplication.php(282): UsuarioController->run()
#25 C:\wamp\www\yii\framework\web\CWebApplication.php(141): CWebApplication->runController()
#26 C:\wamp\www\yii\framework\base\CApplication.php(180): CWebApplication->processRequest()
#27 C:\wamp\www\sistema\index.php(13): CWebApplication->run()
REQUEST_URI=/sistema/index.php?r=usuario
in C:\wamp\www\sistema\protected\extensions\bootstrap\helpers\TbHtml.php (4333)
in C:\wamp\www\sistema\protected\extensions\bootstrap\helpers\TbHtml.php (632)
in C:\wamp\www\sistema\protected\extensions\bootstrap\widgets\TbListView.php (42)
2015/01/30 22:55:41 [error] [php] include(TbArray.php): failed to open stream: No such file or directory (C:\wamp\www\yii\framework\YiiBase.php:427)
Stack trace:
#0 C:\wamp\www\sistema\protected\extensions\bootstrap\helpers\TbHtml.php(4333): spl_autoload_call()
#1 C:\wamp\www\sistema\protected\extensions\bootstrap\helpers\TbHtml.php(632): addSpanClass()
#2 C:\wamp\www\sistema\protected\extensions\bootstrap\widgets\TbListView.php(42): tag()
#3 C:\wamp\www\yii\framework\zii\widgets\CListView.php(297): TbListView->renderEmptyText()
#4 C:\wamp\www\yii\framework\zii\widgets\CBaseListView.php(167): TbListView->renderItems()
#5 unknown(0): TbListView->renderSection()
#6 C:\wamp\www\yii\framework\zii\widgets\CBaseListView.php(150): preg_replace_callback()
#7 C:\wamp\www\yii\framework\zii\widgets\CBaseListView.php(135): TbListView->renderContent()
#8 C:\wamp\www\yii\framework\web\CBaseController.php(173): TbListView->run()
#9 C:\wamp\www\sistema\protected\views\usuario\index.php(22): UsuarioController->widget()
#10 C:\wamp\www\yii\framework\web\CBaseController.php(126): require()
#11 C:\wamp\www\yii\framework\web\CBaseController.php(95): UsuarioController->renderInternal()
#12 C:\wamp\www\yii\framework\web\CController.php(869): UsuarioController->renderFile()
#13 C:\wamp\www\yii\framework\web\CController.php(782): UsuarioController->renderPartial()
#14 C:\wamp\www\sistema\protected\controllers\UsuarioController.php(134): UsuarioController->render()
#15 C:\wamp\www\yii\framework\web\actions\CInlineAction.php(49): UsuarioController->actionIndex()
#16 C:\wamp\www\yii\framework\web\CController.php(308): CInlineAction->runWithParams()
#17 C:\wamp\www\yii\framework\web\filters\CFilterChain.php(133): UsuarioController->runAction()
#18 C:\wamp\www\yii\framework\web\filters\CFilter.php(40): CFilterChain->run()
#19 C:\wamp\www\yii\framework\web\CController.php(1145): CAccessControlFilter->filter()
#20 C:\wamp\www\yii\framework\web\filters\CInlineFilter.php(58): UsuarioController->filterAccessControl()
#21 C:\wamp\www\yii\framework\web\filters\CFilterChain.php(130): CInlineFilter->filter()
#22 C:\wamp\www\yii\framework\web\CController.php(291): CFilterChain->run()
#23 C:\wamp\www\yii\framework\web\CController.php(265): UsuarioController->runActionWithFilters()
#24 C:\wamp\www\yii\framework\web\CWebApplication.php(282): UsuarioController->run()
#25 C:\wamp\www\yii\framework\web\CWebApplication.php(141): CWebApplication->runController()
#26 C:\wamp\www\yii\framework\base\CApplication.php(180): CWebApplication->processRequest()
#27 C:\wamp\www\sistema\index.php(13): CWebApplication->run()
REQUEST_URI=/sistema/index.php?r=usuario
in C:\wamp\www\sistema\protected\extensions\bootstrap\helpers\TbHtml.php (4333)
in C:\wamp\www\sistema\protected\extensions\bootstrap\helpers\TbHtml.php (632)
in C:\wamp\www\sistema\protected\extensions\bootstrap\widgets\TbListView.php (42)
2015/01/30 22:55:44 [error] [php] include(TbArray.php): failed to open stream: No such file or directory (C:\wamp\www\yii\framework\YiiBase.php:427)
Stack trace:
#0 C:\wamp\www\sistema\protected\extensions\bootstrap\helpers\TbHtml.php(4333): spl_autoload_call()
#1 C:\wamp\www\sistema\protected\extensions\bootstrap\helpers\TbHtml.php(632): addSpanClass()
#2 C:\wamp\www\sistema\protected\extensions\bootstrap\widgets\TbListView.php(42): tag()
#3 C:\wamp\www\yii\framework\zii\widgets\CListView.php(297): TbListView->renderEmptyText()
#4 C:\wamp\www\yii\framework\zii\widgets\CBaseListView.php(167): TbListView->renderItems()
#5 unknown(0): TbListView->renderSection()
#6 C:\wamp\www\yii\framework\zii\widgets\CBaseListView.php(150): preg_replace_callback()
#7 C:\wamp\www\yii\framework\zii\widgets\CBaseListView.php(135): TbListView->renderContent()
#8 C:\wamp\www\yii\framework\web\CBaseController.php(173): TbListView->run()
#9 C:\wamp\www\sistema\protected\views\usuario\index.php(22): UsuarioController->widget()
#10 C:\wamp\www\yii\framework\web\CBaseController.php(126): require()
#11 C:\wamp\www\yii\framework\web\CBaseController.php(95): UsuarioController->renderInternal()
#12 C:\wamp\www\yii\framework\web\CController.php(869): UsuarioController->renderFile()
#13 C:\wamp\www\yii\framework\web\CController.php(782): UsuarioController->renderPartial()
#14 C:\wamp\www\sistema\protected\controllers\UsuarioController.php(134): UsuarioController->render()
#15 C:\wamp\www\yii\framework\web\actions\CInlineAction.php(49): UsuarioController->actionIndex()
#16 C:\wamp\www\yii\framework\web\CController.php(308): CInlineAction->runWithParams()
#17 C:\wamp\www\yii\framework\web\filters\CFilterChain.php(133): UsuarioController->runAction()
#18 C:\wamp\www\yii\framework\web\filters\CFilter.php(40): CFilterChain->run()
#19 C:\wamp\www\yii\framework\web\CController.php(1145): CAccessControlFilter->filter()
#20 C:\wamp\www\yii\framework\web\filters\CInlineFilter.php(58): UsuarioController->filterAccessControl()
#21 C:\wamp\www\yii\framework\web\filters\CFilterChain.php(130): CInlineFilter->filter()
#22 C:\wamp\www\yii\framework\web\CController.php(291): CFilterChain->run()
#23 C:\wamp\www\yii\framework\web\CController.php(265): UsuarioController->runActionWithFilters()
#24 C:\wamp\www\yii\framework\web\CWebApplication.php(282): UsuarioController->run()
#25 C:\wamp\www\yii\framework\web\CWebApplication.php(141): CWebApplication->runController()
#26 C:\wamp\www\yii\framework\base\CApplication.php(180): CWebApplication->processRequest()
#27 C:\wamp\www\sistema\index.php(13): CWebApplication->run()
REQUEST_URI=/sistema/index.php?r=usuario
in C:\wamp\www\sistema\protected\extensions\bootstrap\helpers\TbHtml.php (4333)
in C:\wamp\www\sistema\protected\extensions\bootstrap\helpers\TbHtml.php (632)
in C:\wamp\www\sistema\protected\extensions\bootstrap\widgets\TbListView.php (42)
